<?xml version="1.0" encoding="UTF-8"?>
<testng-results ignored="0" total="1" passed="1" failed="0" skipped="0">
  <reporter-output>
  </reporter-output>
  <suite started-at="2022-09-28T10:31:09 BST" name="Surefire suite" finished-at="2022-09-28T10:31:09 BST" duration-ms="21">
    <groups>
    </groups>
    <test started-at="2022-09-28T10:31:09 BST" name="Surefire test" finished-at="2022-09-28T10:31:09 BST" duration-ms="21">
      <class name="guru.springframework.JavaHelloWorldTest">
        <test-method signature="testGetHello()[pri:0, instance:guru.springframework.JavaHelloWorldTest@6b1274d2]" started-at="2022-09-28T10:31:09 BST" name="testGetHello" finished-at="2022-09-28T10:31:09 BST" duration-ms="3" status="PASS">
          <reporter-output>
          </reporter-output>
        </test-method> <!-- testGetHello -->
      </class> <!-- guru.springframework.JavaHelloWorldTest -->
    </test> <!-- Surefire test -->
  </suite> <!-- Surefire suite -->
</testng-results>
